2014-04-28 00:26:25.271 CommonPot2[25740:70b] Multi-tasking -> Device: YES, App: YES
2014-04-28 00:26:25.350 CommonPot2[25740:70b] Unlimited access to network resources
2014-04-28 00:26:25.368 CommonPot2[25740:70b] Fix applied for database locations?: YES
2014-04-28 00:26:26.707 CommonPot2[25740:70b] [CDVTimer][statusbar] 156.835020ms
2014-04-28 00:26:26.707 CommonPot2[25740:70b] [CDVTimer][TotalPluginStartup] 157.433033ms
2014-04-28 00:26:26.823 CommonPot2[25740:70b] Resetting plugins due to page load.
2014-04-28 00:26:27.591 CommonPot2[25740:70b] Finished load of: file:///Users/GuiD/Library/Application%20Support/iPhone%20Simulator/7.1/Applications/D52962E7-6F14-4615-AE66-180745E08BDB/CommonPot2.app/www/index.html#/tab/dash
2014-04-28 00:26:39.684 CommonPot2[25740:70b] local : true
2014-04-28 00:26:39.684 CommonPot2[25740:70b] local : true
2014-04-28 00:26:47.422 CommonPot2[25740:70b] setCurrentProject:FETE A JOJO
2014-04-28 00:26:48.406 CommonPot2[25740:70b] setCurrentProject:NOVIP
2014-04-28 00:26:49.187 CommonPot2[25740:70b] setCurrentProject:NOVIP
2014-04-28 00:26:49.963 CommonPot2[25740:70b] setCurrentProject:NOVIP
2014-04-28 00:26:50.545 CommonPot2[25740:70b] setCurrentProject:NOVIP
2014-04-28 00:26:51.399 CommonPot2[25740:70b] setCurrentProject:NOVIP
2014-04-28 00:26:52.125 CommonPot2[25740:70b] setCurrentProject:NOVIP
2014-04-28 00:26:53.227 CommonPot2[25740:70b] setCurrentProject:FETE A JOJO
2014-04-28 00:26:53.769 CommonPot2[25740:70b] setCurrentProject:NOVIP
2014-04-28 00:26:54.583 CommonPot2[25740:70b] setCurrentProject:NOVIP
2014-04-28 00:26:55.413 CommonPot2[25740:70b] setCurrentProject:NOVIP
2014-04-28 00:28:12.857 CommonPot2[26087:70b] Multi-tasking -> Device: YES, App: YES
2014-04-28 00:28:12.867 CommonPot2[26087:70b] Unlimited access to network resources
2014-04-28 00:28:12.927 CommonPot2[26087:70b] [CDVTimer][statusbar] 37.760019ms
2014-04-28 00:28:12.928 CommonPot2[26087:70b] [CDVTimer][TotalPluginStartup] 38.456976ms
2014-04-28 00:28:13.071 CommonPot2[26087:70b] Resetting plugins due to page load.
2014-04-28 00:28:13.378 CommonPot2[26087:70b] Finished load of: file:///Users/GuiD/Library/Application%20Support/iPhone%20Simulator/7.1/Applications/D52962E7-6F14-4615-AE66-180745E08BDB/CommonPot2.app/www/index.html#/tab/dash
2014-04-28 00:28:17.289 CommonPot2[26087:70b] setCurrentProject:FETE A JOJO
2014-04-28 00:28:17.865 CommonPot2[26087:70b] setCurrentProject:FETE A JOJO
2014-04-28 00:28:18.433 CommonPot2[26087:70b] setCurrentProject:FETE A JOJO
2014-04-28 00:28:18.927 CommonPot2[26087:70b] setCurrentProject:FETE A JOJO
2014-04-28 00:28:19.551 CommonPot2[26087:70b] setCurrentProject:FETE A JOJO
2014-04-28 00:28:20.543 CommonPot2[26087:70b] setCurrentProject:FETE A JOJO
2014-04-28 00:28:21.089 CommonPot2[26087:70b] setCurrentProject:NOVIP
2014-04-28 00:28:34.181 CommonPot2[26087:70b] local : true
2014-04-28 00:28:34.182 CommonPot2[26087:70b] local : true
2014-04-28 00:28:39.489 CommonPot2[26087:70b] setCurrentProject:FETE A JOJO
2014-04-28 00:28:40.036 CommonPot2[26087:70b] setCurrentProject:FETE A JOJO
2014-06-25 00:00:07.724 CommonPot2[24763:70b] Multi-tasking -> Device: YES, App: YES
2014-06-25 00:00:07.771 CommonPot2[24763:70b] Unlimited access to network resources
2014-06-25 00:00:07.898 CommonPot2[24763:70b] [CDVTimer][statusbar] 64.588964ms
2014-06-25 00:00:07.910 CommonPot2[24763:70b] [CDVTimer][TotalPluginStartup] 77.063024ms
2014-06-25 00:00:08.117 CommonPot2[24763:70b] Resetting plugins due to page load.
2014-06-25 00:00:08.957 CommonPot2[24763:70b] Finished load of: file:///Users/GuiD/Library/Application%20Support/iPhone%20Simulator/7.1/Applications/D52962E7-6F14-4615-AE66-180745E08BDB/CommonPot2.app/www/index.html#/tab/dash
2014-06-25 00:00:17.900 CommonPot2[24763:70b] error
2014-06-25 00:00:35.049 CommonPot2[24763:70b] local : true
2014-06-25 00:00:35.050 CommonPot2[24763:70b] local : true
2014-06-25 00:00:43.218 CommonPot2[24763:70b] setCurrentProject:NOVIP2014
2014-06-25 00:00:58.647 CommonPot2[24763:70b] Friend= [object Object]
2014-06-25 00:01:02.211 CommonPot2[24763:70b] Friend= [object Object]
Terminating in response to SpringBoard's termination.
